<?xml version="1.0" encoding="UTF-8"?>
<!DOCTYPE coverage SYSTEM "http://cobertura.sourceforge.net/xml/coverage-04.dtd">
<coverage line-rate="0.60791366906475" branch-rate="0" lines-covered="169" lines-valid="278" branches-covered="0" branches-valid="0" complexity="148" version="0.4" timestamp="1707588481">
  <sources>
    <source>/app/src</source>
  </sources>
  <packages>
    <package name="Console/Commands/HashPassword.php" line-rate="0.9375" branch-rate="0" complexity="9">
      <classes>
        <class name="Playground\Auth\Console\Commands\HashPassword" filename="Console/Commands/HashPassword.php" line-rate="0.9375" branch-rate="0" complexity="9">
          <methods>
            <method name="handle" signature="" line-rate="0.9375" branch-rate="0" complexity="9">
              <lines>
                <line number="42" hits="3"/>
                <line number="44" hits="3"/>
                <line number="45" hits="3"/>
                <line number="47" hits="0"/>
                <line number="50" hits="3"/>
                <line number="52" hits="3"/>
                <line number="53" hits="1"/>
                <line number="54" hits="1"/>
                <line number="57" hits="3"/>
                <line number="58" hits="1"/>
                <line number="59" hits="1"/>
                <line number="60" hits="1"/>
                <line number="61" hits="1"/>
                <line number="62" hits="1"/>
                <line number="63" hits="1"/>
                <line number="66" hits="2"/>
              </lines>
            </method>
          </methods>
          <lines>
            <line number="42" hits="3"/>
            <line number="44" hits="3"/>
            <line number="45" hits="3"/>
            <line number="47" hits="0"/>
            <line number="50" hits="3"/>
            <line number="52" hits="3"/>
            <line number="53" hits="1"/>
            <line number="54" hits="1"/>
            <line number="57" hits="3"/>
            <line number="58" hits="1"/>
            <line number="59" hits="1"/>
            <line number="60" hits="1"/>
            <line number="61" hits="1"/>
            <line number="62" hits="1"/>
            <line number="63" hits="1"/>
            <line number="66" hits="2"/>
          </lines>
        </class>
      </classes>
    </package>
    <package name="Issuer.php" line-rate="0" branch-rate="0" complexity="41">
      <classes>
        <class name="Playground\Auth\Issuer" filename="Issuer.php" line-rate="0" branch-rate="0" complexity="41">
          <methods>
            <method name="abilitiesByGroup" signature="string $group" line-rate="0" branch-rate="0" complexity="2">
              <lines>
                <line number="53" hits="0"/>
                <line number="55" hits="0"/>
              </lines>
            </method>
            <method name="abilities" signature="Illuminate\Foundation\Auth\User $user" line-rate="0" branch-rate="0" complexity="12">
              <lines>
                <line number="76" hits="0"/>
                <line number="78" hits="0"/>
                <line number="79" hits="0"/>
                <line number="80" hits="0"/>
                <line number="81" hits="0"/>
                <line number="82" hits="0"/>
                <line number="83" hits="0"/>
                <line number="84" hits="0"/>
                <line number="85" hits="0"/>
                <line number="86" hits="0"/>
                <line number="87" hits="0"/>
                <line number="88" hits="0"/>
                <line number="89" hits="0"/>
                <line number="92" hits="0"/>
                <line number="93" hits="0"/>
                <line number="95" hits="0"/>
                <line number="97" hits="0"/>
                <line number="101" hits="0"/>
                <line number="102" hits="0"/>
                <line number="105" hits="0"/>
              </lines>
            </method>
            <method name="init" signature="Illuminate\Foundation\Auth\User $user, array $config" line-rate="0" branch-rate="0" complexity="14">
              <lines>
                <line number="113" hits="0"/>
                <line number="114" hits="0"/>
                <line number="116" hits="0"/>
                <line number="119" hits="0"/>
                <line number="120" hits="0"/>
                <line number="121" hits="0"/>
                <line number="122" hits="0"/>
                <line number="124" hits="0"/>
                <line number="125" hits="0"/>
                <line number="126" hits="0"/>
                <line number="129" hits="0"/>
                <line number="130" hits="0"/>
                <line number="133" hits="0"/>
                <line number="134" hits="0"/>
                <line number="136" hits="0"/>
                <line number="139" hits="0"/>
                <line number="140" hits="0"/>
                <line number="142" hits="0"/>
                <line number="145" hits="0"/>
                <line number="146" hits="0"/>
                <line number="147" hits="0"/>
                <line number="148" hits="0"/>
                <line number="149" hits="0"/>
                <line number="150" hits="0"/>
                <line number="152" hits="0"/>
                <line number="153" hits="0"/>
                <line number="156" hits="0"/>
                <line number="157" hits="0"/>
                <line number="158" hits="0"/>
                <line number="159" hits="0"/>
                <line number="162" hits="0"/>
                <line number="163" hits="0"/>
              </lines>
            </method>
            <method name="listed" signature="Illuminate\Foundation\Auth\User $user" line-rate="0" branch-rate="0" complexity="7">
              <lines>
                <line number="169" hits="0"/>
                <line number="170" hits="0"/>
                <line number="171" hits="0"/>
                <line number="172" hits="0"/>
                <line number="173" hits="0"/>
                <line number="177" hits="0"/>
                <line number="178" hits="0"/>
                <line number="179" hits="0"/>
                <line number="180" hits="0"/>
              </lines>
            </method>
            <method name="sanctum" signature="Laravel\Sanctum\Contracts\HasApiTokens $user" line-rate="0" branch-rate="0" complexity="6">
              <lines>
                <line number="194" hits="0"/>
                <line number="196" hits="0"/>
                <line number="198" hits="0"/>
                <line number="199" hits="0"/>
                <line number="202" hits="0"/>
                <line number="204" hits="0"/>
                <line number="205" hits="0"/>
                <line number="206" hits="0"/>
                <line number="210" hits="0"/>
                <line number="211" hits="0"/>
                <line number="212" hits="0"/>
                <line number="219" hits="0"/>
                <line number="220" hits="0"/>
                <line number="221" hits="0"/>
                <line number="222" hits="0"/>
                <line number="224" hits="0"/>
              </lines>
            </method>
          </methods>
          <lines>
            <line number="53" hits="0"/>
            <line number="55" hits="0"/>
            <line number="76" hits="0"/>
            <line number="78" hits="0"/>
            <line number="79" hits="0"/>
            <line number="80" hits="0"/>
            <line number="81" hits="0"/>
            <line number="82" hits="0"/>
            <line number="83" hits="0"/>
            <line number="84" hits="0"/>
            <line number="85" hits="0"/>
            <line number="86" hits="0"/>
            <line number="87" hits="0"/>
            <line number="88" hits="0"/>
            <line number="89" hits="0"/>
            <line number="92" hits="0"/>
            <line number="93" hits="0"/>
            <line number="95" hits="0"/>
            <line number="97" hits="0"/>
            <line number="101" hits="0"/>
            <line number="102" hits="0"/>
            <line number="105" hits="0"/>
            <line number="113" hits="0"/>
            <line number="114" hits="0"/>
            <line number="116" hits="0"/>
            <line number="119" hits="0"/>
            <line number="120" hits="0"/>
            <line number="121" hits="0"/>
            <line number="122" hits="0"/>
            <line number="124" hits="0"/>
            <line number="125" hits="0"/>
            <line number="126" hits="0"/>
            <line number="129" hits="0"/>
            <line number="130" hits="0"/>
            <line number="133" hits="0"/>
            <line number="134" hits="0"/>
            <line number="136" hits="0"/>
            <line number="139" hits="0"/>
            <line number="140" hits="0"/>
            <line number="142" hits="0"/>
            <line number="145" hits="0"/>
            <line number="146" hits="0"/>
            <line number="147" hits="0"/>
            <line number="148" hits="0"/>
            <line number="149" hits="0"/>
            <line number="150" hits="0"/>
            <line number="152" hits="0"/>
            <line number="153" hits="0"/>
            <line number="156" hits="0"/>
            <line number="157" hits="0"/>
            <line number="158" hits="0"/>
            <line number="159" hits="0"/>
            <line number="162" hits="0"/>
            <line number="163" hits="0"/>
            <line number="169" hits="0"/>
            <line number="170" hits="0"/>
            <line number="171" hits="0"/>
            <line number="172" hits="0"/>
            <line number="173" hits="0"/>
            <line number="177" hits="0"/>
            <line number="178" hits="0"/>
            <line number="179" hits="0"/>
            <line number="180" hits="0"/>
            <line number="194" hits="0"/>
            <line number="196" hits="0"/>
            <line number="198" hits="0"/>
            <line number="199" hits="0"/>
            <line number="202" hits="0"/>
            <line number="204" hits="0"/>
            <line number="205" hits="0"/>
            <line number="206" hits="0"/>
            <line number="210" hits="0"/>
            <line number="211" hits="0"/>
            <line number="212" hits="0"/>
            <line number="219" hits="0"/>
            <line number="220" hits="0"/>
            <line number="221" hits="0"/>
            <line number="222" hits="0"/>
            <line number="224" hits="0"/>
          </lines>
        </class>
      </classes>
    </package>
    <package name="Policies/Contracts/Role.php" line-rate="0" branch-rate="0" complexity="0">
      <classes/>
    </package>
    <package name="Policies/ModelPolicy.php" line-rate="1" branch-rate="0" complexity="13">
      <classes>
        <class name="Playground\Auth\Policies\ModelPolicy" filename="Policies/ModelPolicy.php" line-rate="1" branch-rate="0" complexity="13">
          <methods>
            <method name="create" signature="Illuminate\Contracts\Auth\Authenticatable $user" line-rate="1" branch-rate="0" complexity="1">
              <lines>
                <line number="22" hits="2"/>
              </lines>
            </method>
            <method name="delete" signature="Illuminate\Contracts\Auth\Authenticatable $user, Illuminate\Database\Eloquent\Model $model" line-rate="1" branch-rate="0" complexity="2">
              <lines>
                <line number="36" hits="3"/>
                <line number="38" hits="1"/>
                <line number="39" hits="1"/>
                <line number="40" hits="1"/>
                <line number="41" hits="1"/>
                <line number="44" hits="2"/>
              </lines>
            </method>
            <method name="detail" signature="Illuminate\Contracts\Auth\Authenticatable $user, Illuminate\Database\Eloquent\Model $model" line-rate="1" branch-rate="0" complexity="1">
              <lines>
                <line number="52" hits="2"/>
              </lines>
            </method>
            <method name="edit" signature="Illuminate\Contracts\Auth\Authenticatable $user, Illuminate\Database\Eloquent\Model $model" line-rate="1" branch-rate="0" complexity="1">
              <lines>
                <line number="60" hits="2"/>
              </lines>
            </method>
            <method name="forceDelete" signature="Illuminate\Contracts\Auth\Authenticatable $user, Illuminate\Database\Eloquent\Model $model" line-rate="1" branch-rate="0" complexity="1">
              <lines>
                <line number="70" hits="2"/>
              </lines>
            </method>
            <method name="lock" signature="Illuminate\Contracts\Auth\Authenticatable $user, Illuminate\Database\Eloquent\Model $model" line-rate="1" branch-rate="0" complexity="1">
              <lines>
                <line number="78" hits="2"/>
              </lines>
            </method>
            <method name="manage" signature="Illuminate\Contracts\Auth\Authenticatable $user, Illuminate\Database\Eloquent\Model $model" line-rate="1" branch-rate="0" complexity="1">
              <lines>
                <line number="86" hits="2"/>
              </lines>
            </method>
            <method name="restore" signature="Illuminate\Contracts\Auth\Authenticatable $user, Illuminate\Database\Eloquent\Model $model" line-rate="1" branch-rate="0" complexity="1">
              <lines>
                <line number="94" hits="2"/>
              </lines>
            </method>
            <method name="store" signature="Illuminate\Contracts\Auth\Authenticatable $user" line-rate="1" branch-rate="0" complexity="1">
              <lines>
                <line number="102" hits="2"/>
              </lines>
            </method>
            <method name="update" signature="Illuminate\Contracts\Auth\Authenticatable $user, Illuminate\Database\Eloquent\Model $model" line-rate="1" branch-rate="0" complexity="2">
              <lines>
                <line number="112" hits="3"/>
                <line number="114" hits="1"/>
                <line number="115" hits="1"/>
                <line number="116" hits="1"/>
                <line number="119" hits="2"/>
              </lines>
            </method>
            <method name="unlock" signature="Illuminate\Contracts\Auth\Authenticatable $user, Illuminate\Database\Eloquent\Model $model" line-rate="1" branch-rate="0" complexity="1">
              <lines>
                <line number="127" hits="2"/>
              </lines>
            </method>
          </methods>
          <lines>
            <line number="22" hits="2"/>
            <line number="36" hits="3"/>
            <line number="38" hits="1"/>
            <line number="39" hits="1"/>
            <line number="40" hits="1"/>
            <line number="41" hits="1"/>
            <line number="44" hits="2"/>
            <line number="52" hits="2"/>
            <line number="60" hits="2"/>
            <line number="70" hits="2"/>
            <line number="78" hits="2"/>
            <line number="86" hits="2"/>
            <line number="94" hits="2"/>
            <line number="102" hits="2"/>
            <line number="112" hits="3"/>
            <line number="114" hits="1"/>
            <line number="115" hits="1"/>
            <line number="116" hits="1"/>
            <line number="119" hits="2"/>
            <line number="127" hits="2"/>
          </lines>
        </class>
      </classes>
    </package>
    <package name="Policies/Policy.php" line-rate="1" branch-rate="0" complexity="7">
      <classes>
        <class name="Playground\Auth\Policies\Policy" filename="Policies/Policy.php" line-rate="1" branch-rate="0" complexity="7">
          <methods>
            <method name="before" signature="Illuminate\Contracts\Auth\Authenticatable $user, $ability" line-rate="1" branch-rate="0" complexity="5">
              <lines>
                <line number="35" hits="2"/>
                <line number="36" hits="2"/>
                <line number="39" hits="2"/>
                <line number="40" hits="2"/>
                <line number="59" hits="2"/>
                <line number="60" hits="1"/>
                <line number="63" hits="1"/>
              </lines>
            </method>
            <method name="index" signature="Illuminate\Contracts\Auth\Authenticatable $user" line-rate="1" branch-rate="0" complexity="1">
              <lines>
                <line number="80" hits="2"/>
              </lines>
            </method>
            <method name="view" signature="Illuminate\Contracts\Auth\Authenticatable $user" line-rate="1" branch-rate="0" complexity="1">
              <lines>
                <line number="91" hits="3"/>
              </lines>
            </method>
          </methods>
          <lines>
            <line number="35" hits="2"/>
            <line number="36" hits="2"/>
            <line number="39" hits="2"/>
            <line number="40" hits="2"/>
            <line number="59" hits="2"/>
            <line number="60" hits="1"/>
            <line number="63" hits="1"/>
            <line number="80" hits="2"/>
            <line number="91" hits="3"/>
          </lines>
        </class>
      </classes>
    </package>
    <package name="Policies/PolicyTrait.php" line-rate="1" branch-rate="0" complexity="9">
      <classes>
        <class name="Playground\Auth\Policies\PolicyTrait" filename="Policies/PolicyTrait.php" line-rate="1" branch-rate="0" complexity="9">
          <methods>
            <method name="getEntity" signature="" line-rate="1" branch-rate="0" complexity="1">
              <lines>
                <line number="36" hits="7"/>
              </lines>
            </method>
            <method name="getPackage" signature="" line-rate="1" branch-rate="0" complexity="1">
              <lines>
                <line number="41" hits="7"/>
              </lines>
            </method>
            <method name="hasToken" signature="" line-rate="1" branch-rate="0" complexity="1">
              <lines>
                <line number="46" hits="1"/>
              </lines>
            </method>
            <method name="getToken" signature="" line-rate="1" branch-rate="0" complexity="1">
              <lines>
                <line number="51" hits="1"/>
              </lines>
            </method>
            <method name="setToken" signature="Laravel\Sanctum\PersonalAccessToken $token" line-rate="1" branch-rate="0" complexity="1">
              <lines>
                <line number="56" hits="1"/>
                <line number="58" hits="1"/>
              </lines>
            </method>
            <method name="verify" signature="Illuminate\Contracts\Auth\Authenticatable $user, string $ability" line-rate="1" branch-rate="0" complexity="4">
              <lines>
                <line number="63" hits="31"/>
                <line number="70" hits="31"/>
                <line number="71" hits="1"/>
                <line number="72" hits="30"/>
                <line number="73" hits="28"/>
                <line number="74" hits="2"/>
                <line number="76" hits="1"/>
                <line number="78" hits="1"/>
                <line number="79" hits="1"/>
                <line number="80" hits="1"/>
                <line number="81" hits="1"/>
                <line number="83" hits="1"/>
              </lines>
            </method>
          </methods>
          <lines>
            <line number="36" hits="7"/>
            <line number="41" hits="7"/>
            <line number="46" hits="1"/>
            <line number="51" hits="1"/>
            <line number="56" hits="1"/>
            <line number="58" hits="1"/>
            <line number="63" hits="31"/>
            <line number="70" hits="31"/>
            <line number="71" hits="1"/>
            <line number="72" hits="30"/>
            <line number="73" hits="28"/>
            <line number="74" hits="2"/>
            <line number="76" hits="1"/>
            <line number="78" hits="1"/>
            <line number="79" hits="1"/>
            <line number="80" hits="1"/>
            <line number="81" hits="1"/>
            <line number="83" hits="1"/>
          </lines>
        </class>
      </classes>
    </package>
    <package name="Policies/PrivilegeTrait.php" line-rate="0.43137254901961" branch-rate="0" complexity="27">
      <classes>
        <class name="Playground\Auth\Policies\PrivilegeTrait" filename="Policies/PrivilegeTrait.php" line-rate="0.43137254901961" branch-rate="0" complexity="27">
          <methods>
            <method name="privilege" signature="string $ability" line-rate="1" branch-rate="0" complexity="6">
              <lines>
                <line number="29" hits="6"/>
                <line number="30" hits="6"/>
                <line number="31" hits="3"/>
                <line number="34" hits="6"/>
                <line number="35" hits="3"/>
                <line number="36" hits="3"/>
                <line number="38" hits="3"/>
                <line number="41" hits="6"/>
                <line number="42" hits="6"/>
                <line number="43" hits="3"/>
                <line number="45" hits="6"/>
                <line number="48" hits="6"/>
              </lines>
            </method>
            <method name="hasPrivilegeWildcard" signature="string $privilege" line-rate="0" branch-rate="0" complexity="4">
              <lines>
                <line number="53" hits="0"/>
                <line number="54" hits="0"/>
                <line number="55" hits="0"/>
                <line number="56" hits="0"/>
                <line number="58" hits="0"/>
                <line number="59" hits="0"/>
                <line number="60" hits="0"/>
                <line number="64" hits="0"/>
              </lines>
            </method>
            <method name="hasPrivilege" signature="Illuminate\Contracts\Auth\Authenticatable $user, string $privilege" line-rate="0.76923076923077" branch-rate="0" complexity="10">
              <lines>
                <line number="69" hits="5"/>
                <line number="70" hits="1"/>
                <line number="73" hits="4"/>
                <line number="75" hits="0"/>
                <line number="76" hits="0"/>
                <line number="78" hits="0"/>
                <line number="82" hits="4"/>
                <line number="83" hits="1"/>
                <line number="86" hits="3"/>
                <line number="87" hits="1"/>
                <line number="88" hits="1"/>
                <line number="89" hits="1"/>
                <line number="93" hits="2"/>
              </lines>
            </method>
            <method name="hasPrivilegeSanctum" signature="Laravel\Sanctum\Contracts\HasApiTokens $user, string $privilege" line-rate="0" branch-rate="0" complexity="7">
              <lines>
                <line number="98" hits="0"/>
                <line number="99" hits="0"/>
                <line number="102" hits="0"/>
                <line number="106" hits="0"/>
                <line number="107" hits="0"/>
                <line number="108" hits="0"/>
                <line number="109" hits="0"/>
                <line number="110" hits="0"/>
                <line number="112" hits="0"/>
                <line number="113" hits="0"/>
                <line number="114" hits="0"/>
                <line number="116" hits="0"/>
                <line number="120" hits="0"/>
                <line number="121" hits="0"/>
                <line number="124" hits="0"/>
                <line number="126" hits="0"/>
                <line number="127" hits="0"/>
                <line number="137" hits="0"/>
              </lines>
            </method>
          </methods>
          <lines>
            <line number="29" hits="6"/>
            <line number="30" hits="6"/>
            <line number="31" hits="3"/>
            <line number="34" hits="6"/>
            <line number="35" hits="3"/>
            <line number="36" hits="3"/>
            <line number="38" hits="3"/>
            <line number="41" hits="6"/>
            <line number="42" hits="6"/>
            <line number="43" hits="3"/>
            <line number="45" hits="6"/>
            <line number="48" hits="6"/>
            <line number="53" hits="0"/>
            <line number="54" hits="0"/>
            <line number="55" hits="0"/>
            <line number="56" hits="0"/>
            <line number="58" hits="0"/>
            <line number="59" hits="0"/>
            <line number="60" hits="0"/>
            <line number="64" hits="0"/>
            <line number="69" hits="5"/>
            <line number="70" hits="1"/>
            <line number="73" hits="4"/>
            <line number="75" hits="0"/>
            <line number="76" hits="0"/>
            <line number="78" hits="0"/>
            <line number="82" hits="4"/>
            <line number="83" hits="1"/>
            <line number="86" hits="3"/>
            <line number="87" hits="1"/>
            <line number="88" hits="1"/>
            <line number="89" hits="1"/>
            <line number="93" hits="2"/>
            <line number="98" hits="0"/>
            <line number="99" hits="0"/>
            <line number="102" hits="0"/>
            <line number="106" hits="0"/>
            <line number="107" hits="0"/>
            <line number="108" hits="0"/>
            <line number="109" hits="0"/>
            <line number="110" hits="0"/>
            <line number="112" hits="0"/>
            <line number="113" hits="0"/>
            <line number="114" hits="0"/>
            <line number="116" hits="0"/>
            <line number="120" hits="0"/>
            <line number="121" hits="0"/>
            <line number="124" hits="0"/>
            <line number="126" hits="0"/>
            <line number="127" hits="0"/>
            <line number="137" hits="0"/>
          </lines>
        </class>
      </classes>
    </package>
    <package name="Policies/RoleTrait.php" line-rate="1" branch-rate="0" complexity="23">
      <classes>
        <class name="Playground\Auth\Policies\RoleTrait" filename="Policies/RoleTrait.php" line-rate="1" branch-rate="0" complexity="23">
          <methods>
            <method name="getRolesForAdmin" signature="" line-rate="1" branch-rate="0" complexity="1">
              <lines>
                <line number="49" hits="12"/>
              </lines>
            </method>
            <method name="getRolesForAction" signature="" line-rate="1" branch-rate="0" complexity="1">
              <lines>
                <line number="59" hits="12"/>
              </lines>
            </method>
            <method name="isRoot" signature="Illuminate\Contracts\Auth\Authenticatable $user" line-rate="1" branch-rate="0" complexity="2">
              <lines>
                <line number="64" hits="2"/>
                <line number="66" hits="2"/>
                <line number="67" hits="2"/>
                <line number="70" hits="2"/>
              </lines>
            </method>
            <method name="getRolesToView" signature="" line-rate="1" branch-rate="0" complexity="1">
              <lines>
                <line number="80" hits="9"/>
              </lines>
            </method>
            <method name="hasRole" signature="Illuminate\Contracts\Auth\Authenticatable $user, string $ability" line-rate="1" branch-rate="0" complexity="18">
              <lines>
                <line number="85" hits="30"/>
                <line number="86" hits="30"/>
                <line number="87" hits="30"/>
                <line number="88" hits="30"/>
                <line number="89" hits="30"/>
                <line number="90" hits="30"/>
                <line number="91" hits="30"/>
                <line number="92" hits="8"/>
                <line number="93" hits="22"/>
                <line number="94" hits="22"/>
                <line number="95" hits="22"/>
                <line number="96" hits="22"/>
                <line number="97" hits="22"/>
                <line number="98" hits="22"/>
                <line number="99" hits="22"/>
                <line number="100" hits="11"/>
                <line number="101" hits="11"/>
                <line number="102" hits="11"/>
                <line number="103" hits="11"/>
                <line number="104" hits="11"/>
                <line number="105" hits="11"/>
                <line number="106" hits="11"/>
                <line number="107" hits="11"/>
                <line number="108" hits="10"/>
                <line number="110" hits="1"/>
                <line number="115" hits="30"/>
                <line number="117" hits="22"/>
                <line number="118" hits="22"/>
                <line number="119" hits="11"/>
                <line number="124" hits="19"/>
                <line number="126" hits="5"/>
                <line number="127" hits="5"/>
                <line number="128" hits="2"/>
                <line number="133" hits="17"/>
                <line number="134" hits="14"/>
                <line number="135" hits="14"/>
                <line number="136" hits="14"/>
                <line number="138" hits="1"/>
                <line number="139" hits="1"/>
                <line number="140" hits="1"/>
                <line number="156" hits="16"/>
              </lines>
            </method>
          </methods>
          <lines>
            <line number="49" hits="12"/>
            <line number="59" hits="12"/>
            <line number="64" hits="2"/>
            <line number="66" hits="2"/>
            <line number="67" hits="2"/>
            <line number="70" hits="2"/>
            <line number="80" hits="9"/>
            <line number="85" hits="30"/>
            <line number="86" hits="30"/>
            <line number="87" hits="30"/>
            <line number="88" hits="30"/>
            <line number="89" hits="30"/>
            <line number="90" hits="30"/>
            <line number="91" hits="30"/>
            <line number="92" hits="8"/>
            <line number="93" hits="22"/>
            <line number="94" hits="22"/>
            <line number="95" hits="22"/>
            <line number="96" hits="22"/>
            <line number="97" hits="22"/>
            <line number="98" hits="22"/>
            <line number="99" hits="22"/>
            <line number="100" hits="11"/>
            <line number="101" hits="11"/>
            <line number="102" hits="11"/>
            <line number="103" hits="11"/>
            <line number="104" hits="11"/>
            <line number="105" hits="11"/>
            <line number="106" hits="11"/>
            <line number="107" hits="11"/>
            <line number="108" hits="10"/>
            <line number="110" hits="1"/>
            <line number="115" hits="30"/>
            <line number="117" hits="22"/>
            <line number="118" hits="22"/>
            <line number="119" hits="11"/>
            <line number="124" hits="19"/>
            <line number="126" hits="5"/>
            <line number="127" hits="5"/>
            <line number="128" hits="2"/>
            <line number="133" hits="17"/>
            <line number="134" hits="14"/>
            <line number="135" hits="14"/>
            <line number="136" hits="14"/>
            <line number="138" hits="1"/>
            <line number="139" hits="1"/>
            <line number="140" hits="1"/>
            <line number="156" hits="16"/>
          </lines>
        </class>
      </classes>
    </package>
    <package name="ServiceProvider.php" line-rate="1" branch-rate="0" complexity="19">
      <classes>
        <class name="Playground\Auth\ServiceProvider" filename="ServiceProvider.php" line-rate="1" branch-rate="0" complexity="19">
          <methods>
            <method name="boot" signature="" line-rate="1" branch-rate="0" complexity="6">
              <lines>
                <line number="30" hits="57"/>
                <line number="32" hits="57"/>
                <line number="34" hits="57"/>
                <line number="35" hits="57"/>
                <line number="36" hits="57"/>
                <line number="37" hits="57"/>
                <line number="38" hits="57"/>
                <line number="41" hits="57"/>
                <line number="42" hits="57"/>
                <line number="43" hits="57"/>
                <line number="44" hits="57"/>
                <line number="45" hits="57"/>
                <line number="49" hits="57"/>
                <line number="50" hits="57"/>
                <line number="51" hits="57"/>
                <line number="55" hits="57"/>
              </lines>
            </method>
            <method name="register" signature="" line-rate="1" branch-rate="0" complexity="1">
              <lines>
                <line number="63" hits="57"/>
                <line number="64" hits="57"/>
                <line number="65" hits="57"/>
                <line number="66" hits="57"/>
              </lines>
            </method>
            <method name="about" signature="" line-rate="1" branch-rate="0" complexity="11">
              <lines>
                <line number="71" hits="57"/>
                <line number="72" hits="57"/>
                <line number="74" hits="57"/>
                <line number="75" hits="57"/>
                <line number="77" hits="57"/>
                <line number="79" hits="57"/>
                <line number="80" hits="57"/>
                <line number="81" hits="57"/>
                <line number="83" hits="57"/>
                <line number="84" hits="57"/>
                <line number="85" hits="57"/>
                <line number="86" hits="57"/>
                <line number="87" hits="57"/>
                <line number="89" hits="57"/>
                <line number="90" hits="57"/>
                <line number="91" hits="57"/>
              </lines>
            </method>
            <method name="version" signature="" line-rate="1" branch-rate="0" complexity="1">
              <lines>
                <line number="96" hits="57"/>
              </lines>
            </method>
          </methods>
          <lines>
            <line number="30" hits="57"/>
            <line number="32" hits="57"/>
            <line number="34" hits="57"/>
            <line number="35" hits="57"/>
            <line number="36" hits="57"/>
            <line number="37" hits="57"/>
            <line number="38" hits="57"/>
            <line number="41" hits="57"/>
            <line number="42" hits="57"/>
            <line number="43" hits="57"/>
            <line number="44" hits="57"/>
            <line number="45" hits="57"/>
            <line number="49" hits="57"/>
            <line number="50" hits="57"/>
            <line number="51" hits="57"/>
            <line number="55" hits="57"/>
            <line number="63" hits="57"/>
            <line number="64" hits="57"/>
            <line number="65" hits="57"/>
            <line number="66" hits="57"/>
            <line number="71" hits="57"/>
            <line number="72" hits="57"/>
            <line number="74" hits="57"/>
            <line number="75" hits="57"/>
            <line number="77" hits="57"/>
            <line number="79" hits="57"/>
            <line number="80" hits="57"/>
            <line number="81" hits="57"/>
            <line number="83" hits="57"/>
            <line number="84" hits="57"/>
            <line number="85" hits="57"/>
            <line number="86" hits="57"/>
            <line number="87" hits="57"/>
            <line number="89" hits="57"/>
            <line number="90" hits="57"/>
            <line number="91" hits="57"/>
            <line number="96" hits="57"/>
          </lines>
        </class>
      </classes>
    </package>
  </packages>
</coverage>
