<?xml version="1.0" encoding="UTF-8"?>
<!DOCTYPE coverage SYSTEM "http://cobertura.sourceforge.net/xml/coverage-04.dtd">
<coverage line-rate="0.80286738351254" branch-rate="0" lines-covered="224" lines-valid="279" branches-covered="0" branches-valid="0" complexity="97" version="0.4" timestamp="1701396503">
  <sources>
    <source>/app/src</source>
  </sources>
  <packages>
    <package name="Console/Commands/HashPassword.php" line-rate="1" branch-rate="0" complexity="4">
      <classes>
        <class name="GammaMatrix\Playground\Auth\Console\Commands\HashPassword" filename="Console/Commands/HashPassword.php" line-rate="1" branch-rate="0" complexity="4">
          <methods>
            <method name="handle" signature="" line-rate="1" branch-rate="0" complexity="4">
              <lines>
                <line number="44" hits="2"/>
                <line number="45" hits="2"/>
                <line number="47" hits="2"/>
                <line number="48" hits="1"/>
                <line number="49" hits="1"/>
                <line number="52" hits="2"/>
                <line number="53" hits="1"/>
                <line number="54" hits="1"/>
                <line number="55" hits="1"/>
                <line number="56" hits="1"/>
                <line number="58" hits="1"/>
              </lines>
            </method>
          </methods>
          <lines>
            <line number="44" hits="2"/>
            <line number="45" hits="2"/>
            <line number="47" hits="2"/>
            <line number="48" hits="1"/>
            <line number="49" hits="1"/>
            <line number="52" hits="2"/>
            <line number="53" hits="1"/>
            <line number="54" hits="1"/>
            <line number="55" hits="1"/>
            <line number="56" hits="1"/>
            <line number="58" hits="1"/>
          </lines>
        </class>
      </classes>
    </package>
    <package name="Http/Controllers/AuthenticatedSessionController.php" line-rate="0.36046511627907" branch-rate="0" complexity="41">
      <classes>
        <class name="GammaMatrix\Playground\Auth\Http\Controllers\AuthenticatedSessionController" filename="Http/Controllers/AuthenticatedSessionController.php" line-rate="0.36046511627907" branch-rate="0" complexity="41">
          <methods>
            <method name="create" signature="" line-rate="1" branch-rate="0" complexity="1">
              <lines>
                <line number="33" hits="1"/>
                <line number="34" hits="1"/>
                <line number="36" hits="1"/>
                <line number="37" hits="1"/>
                <line number="38" hits="1"/>
                <line number="39" hits="1"/>
                <line number="40" hits="1"/>
                <line number="41" hits="1"/>
              </lines>
            </method>
            <method name="privileges" signature="Illuminate\Foundation\Auth\User $user" line-rate="0" branch-rate="0" complexity="26">
              <lines>
                <line number="61" hits="0"/>
                <line number="63" hits="0"/>
                <line number="65" hits="0"/>
                <line number="66" hits="0"/>
                <line number="68" hits="0"/>
                <line number="69" hits="0"/>
                <line number="70" hits="0"/>
                <line number="71" hits="0"/>
                <line number="72" hits="0"/>
                <line number="76" hits="0"/>
                <line number="77" hits="0"/>
                <line number="78" hits="0"/>
                <line number="79" hits="0"/>
                <line number="80" hits="0"/>
                <line number="84" hits="0"/>
                <line number="85" hits="0"/>
                <line number="86" hits="0"/>
                <line number="87" hits="0"/>
                <line number="88" hits="0"/>
                <line number="90" hits="0"/>
                <line number="92" hits="0"/>
                <line number="96" hits="0"/>
                <line number="97" hits="0"/>
                <line number="98" hits="0"/>
                <line number="99" hits="0"/>
                <line number="100" hits="0"/>
                <line number="102" hits="0"/>
                <line number="104" hits="0"/>
                <line number="109" hits="0"/>
                <line number="110" hits="0"/>
                <line number="111" hits="0"/>
                <line number="112" hits="0"/>
                <line number="114" hits="0"/>
                <line number="116" hits="0"/>
                <line number="122" hits="0"/>
              </lines>
            </method>
            <method name="issue" signature="Illuminate\Http\Request $request" line-rate="0" branch-rate="0" complexity="1">
              <lines>
                <line number="132" hits="0"/>
                <line number="134" hits="0"/>
                <line number="136" hits="0"/>
                <line number="138" hits="0"/>
                <line number="140" hits="0"/>
                <line number="153" hits="0"/>
                <line number="155" hits="0"/>
              </lines>
            </method>
            <method name="store" signature="GammaMatrix\Playground\Auth\Http\Requests\LoginRequest $request" line-rate="0.84615384615385" branch-rate="0" complexity="4">
              <lines>
                <line number="165" hits="4"/>
                <line number="171" hits="2"/>
                <line number="173" hits="2"/>
                <line number="174" hits="2"/>
                <line number="175" hits="2"/>
                <line number="176" hits="2"/>
                <line number="178" hits="2"/>
                <line number="179" hits="0"/>
                <line number="182" hits="2"/>
                <line number="183" hits="2"/>
                <line number="186" hits="2"/>
                <line number="187" hits="0"/>
                <line number="190" hits="2"/>
              </lines>
            </method>
            <method name="destroy" signature="Illuminate\Http\Request $request" line-rate="0.38888888888889" branch-rate="0" complexity="8">
              <lines>
                <line number="201" hits="3"/>
                <line number="203" hits="3"/>
                <line number="204" hits="0"/>
                <line number="206" hits="0"/>
                <line number="207" hits="0"/>
                <line number="208" hits="0"/>
                <line number="210" hits="0"/>
                <line number="211" hits="0"/>
                <line number="212" hits="0"/>
                <line number="218" hits="3"/>
                <line number="220" hits="3"/>
                <line number="222" hits="3"/>
                <line number="224" hits="3"/>
                <line number="225" hits="0"/>
                <line number="226" hits="0"/>
                <line number="227" hits="0"/>
                <line number="228" hits="0"/>
                <line number="231" hits="3"/>
              </lines>
            </method>
            <method name="token" signature="Illuminate\Http\Request $request" line-rate="1" branch-rate="0" complexity="1">
              <lines>
                <line number="240" hits="1"/>
                <line number="241" hits="1"/>
                <line number="242" hits="1"/>
                <line number="243" hits="1"/>
                <line number="244" hits="1"/>
              </lines>
            </method>
          </methods>
          <lines>
            <line number="33" hits="1"/>
            <line number="34" hits="1"/>
            <line number="36" hits="1"/>
            <line number="37" hits="1"/>
            <line number="38" hits="1"/>
            <line number="39" hits="1"/>
            <line number="40" hits="1"/>
            <line number="41" hits="1"/>
            <line number="61" hits="0"/>
            <line number="63" hits="0"/>
            <line number="65" hits="0"/>
            <line number="66" hits="0"/>
            <line number="68" hits="0"/>
            <line number="69" hits="0"/>
            <line number="70" hits="0"/>
            <line number="71" hits="0"/>
            <line number="72" hits="0"/>
            <line number="76" hits="0"/>
            <line number="77" hits="0"/>
            <line number="78" hits="0"/>
            <line number="79" hits="0"/>
            <line number="80" hits="0"/>
            <line number="84" hits="0"/>
            <line number="85" hits="0"/>
            <line number="86" hits="0"/>
            <line number="87" hits="0"/>
            <line number="88" hits="0"/>
            <line number="90" hits="0"/>
            <line number="92" hits="0"/>
            <line number="96" hits="0"/>
            <line number="97" hits="0"/>
            <line number="98" hits="0"/>
            <line number="99" hits="0"/>
            <line number="100" hits="0"/>
            <line number="102" hits="0"/>
            <line number="104" hits="0"/>
            <line number="109" hits="0"/>
            <line number="110" hits="0"/>
            <line number="111" hits="0"/>
            <line number="112" hits="0"/>
            <line number="114" hits="0"/>
            <line number="116" hits="0"/>
            <line number="122" hits="0"/>
            <line number="132" hits="0"/>
            <line number="134" hits="0"/>
            <line number="136" hits="0"/>
            <line number="138" hits="0"/>
            <line number="140" hits="0"/>
            <line number="153" hits="0"/>
            <line number="155" hits="0"/>
            <line number="165" hits="4"/>
            <line number="171" hits="2"/>
            <line number="173" hits="2"/>
            <line number="174" hits="2"/>
            <line number="175" hits="2"/>
            <line number="176" hits="2"/>
            <line number="178" hits="2"/>
            <line number="179" hits="0"/>
            <line number="182" hits="2"/>
            <line number="183" hits="2"/>
            <line number="186" hits="2"/>
            <line number="187" hits="0"/>
            <line number="190" hits="2"/>
            <line number="201" hits="3"/>
            <line number="203" hits="3"/>
            <line number="204" hits="0"/>
            <line number="206" hits="0"/>
            <line number="207" hits="0"/>
            <line number="208" hits="0"/>
            <line number="210" hits="0"/>
            <line number="211" hits="0"/>
            <line number="212" hits="0"/>
            <line number="218" hits="3"/>
            <line number="220" hits="3"/>
            <line number="222" hits="3"/>
            <line number="224" hits="3"/>
            <line number="225" hits="0"/>
            <line number="226" hits="0"/>
            <line number="227" hits="0"/>
            <line number="228" hits="0"/>
            <line number="231" hits="3"/>
            <line number="240" hits="1"/>
            <line number="241" hits="1"/>
            <line number="242" hits="1"/>
            <line number="243" hits="1"/>
            <line number="244" hits="1"/>
          </lines>
        </class>
      </classes>
    </package>
    <package name="Http/Controllers/ConfirmablePasswordController.php" line-rate="1" branch-rate="0" complexity="3">
      <classes>
        <class name="GammaMatrix\Playground\Auth\Http\Controllers\ConfirmablePasswordController" filename="Http/Controllers/ConfirmablePasswordController.php" line-rate="1" branch-rate="0" complexity="3">
          <methods>
            <method name="show" signature="" line-rate="1" branch-rate="0" complexity="1">
              <lines>
                <line number="30" hits="1"/>
                <line number="31" hits="1"/>
                <line number="33" hits="1"/>
                <line number="34" hits="1"/>
                <line number="35" hits="1"/>
                <line number="36" hits="1"/>
              </lines>
            </method>
            <method name="store" signature="Illuminate\Http\Request $request" line-rate="1" branch-rate="0" complexity="2">
              <lines>
                <line number="46" hits="2"/>
                <line number="47" hits="2"/>
                <line number="48" hits="2"/>
                <line number="49" hits="2"/>
                <line number="50" hits="1"/>
                <line number="51" hits="1"/>
                <line number="52" hits="1"/>
                <line number="55" hits="1"/>
                <line number="57" hits="1"/>
              </lines>
            </method>
          </methods>
          <lines>
            <line number="30" hits="1"/>
            <line number="31" hits="1"/>
            <line number="33" hits="1"/>
            <line number="34" hits="1"/>
            <line number="35" hits="1"/>
            <line number="36" hits="1"/>
            <line number="46" hits="2"/>
            <line number="47" hits="2"/>
            <line number="48" hits="2"/>
            <line number="49" hits="2"/>
            <line number="50" hits="1"/>
            <line number="51" hits="1"/>
            <line number="52" hits="1"/>
            <line number="55" hits="1"/>
            <line number="57" hits="1"/>
          </lines>
        </class>
      </classes>
    </package>
    <package name="Http/Controllers/Controller.php" line-rate="1" branch-rate="0" complexity="2">
      <classes>
        <class name="GammaMatrix\Playground\Auth\Http\Controllers\Controller" filename="Http/Controllers/Controller.php" line-rate="1" branch-rate="0" complexity="2">
          <methods>
            <method name="getRedirectUrl" signature="" line-rate="1" branch-rate="0" complexity="2">
              <lines>
                <line number="24" hits="8"/>
                <line number="25" hits="8"/>
              </lines>
            </method>
          </methods>
          <lines>
            <line number="24" hits="8"/>
            <line number="25" hits="8"/>
          </lines>
        </class>
      </classes>
    </package>
    <package name="Http/Controllers/EmailVerificationController.php" line-rate="1" branch-rate="0" complexity="7">
      <classes>
        <class name="GammaMatrix\Playground\Auth\Http\Controllers\EmailVerificationController" filename="Http/Controllers/EmailVerificationController.php" line-rate="1" branch-rate="0" complexity="7">
          <methods>
            <method name="show" signature="Illuminate\Http\Request $request" line-rate="1" branch-rate="0" complexity="2">
              <lines>
                <line number="30" hits="2"/>
                <line number="31" hits="1"/>
                <line number="34" hits="1"/>
                <line number="35" hits="1"/>
                <line number="37" hits="1"/>
                <line number="38" hits="1"/>
                <line number="39" hits="1"/>
                <line number="40" hits="1"/>
              </lines>
            </method>
            <method name="send" signature="Illuminate\Http\Request $request" line-rate="1" branch-rate="0" complexity="2">
              <lines>
                <line number="50" hits="2"/>
                <line number="51" hits="1"/>
                <line number="54" hits="1"/>
                <line number="56" hits="1"/>
              </lines>
            </method>
            <method name="verify" signature="GammaMatrix\Playground\Auth\Http\Requests\EmailVerificationRequest $request" line-rate="1" branch-rate="0" complexity="3">
              <lines>
                <line number="67" hits="2"/>
                <line number="68" hits="1"/>
                <line number="71" hits="1"/>
                <line number="72" hits="1"/>
                <line number="75" hits="1"/>
              </lines>
            </method>
          </methods>
          <lines>
            <line number="30" hits="2"/>
            <line number="31" hits="1"/>
            <line number="34" hits="1"/>
            <line number="35" hits="1"/>
            <line number="37" hits="1"/>
            <line number="38" hits="1"/>
            <line number="39" hits="1"/>
            <line number="40" hits="1"/>
            <line number="50" hits="2"/>
            <line number="51" hits="1"/>
            <line number="54" hits="1"/>
            <line number="56" hits="1"/>
            <line number="67" hits="2"/>
            <line number="68" hits="1"/>
            <line number="71" hits="1"/>
            <line number="72" hits="1"/>
            <line number="75" hits="1"/>
          </lines>
        </class>
      </classes>
    </package>
    <package name="Http/Controllers/NewPasswordController.php" line-rate="1" branch-rate="0" complexity="3">
      <classes>
        <class name="GammaMatrix\Playground\Auth\Http\Controllers\NewPasswordController" filename="Http/Controllers/NewPasswordController.php" line-rate="1" branch-rate="0" complexity="3">
          <methods>
            <method name="create" signature="Illuminate\Http\Request $request" line-rate="1" branch-rate="0" complexity="1">
              <lines>
                <line number="31" hits="1"/>
                <line number="32" hits="1"/>
                <line number="34" hits="1"/>
                <line number="35" hits="1"/>
                <line number="36" hits="1"/>
                <line number="37" hits="1"/>
                <line number="38" hits="1"/>
                <line number="39" hits="1"/>
              </lines>
            </method>
            <method name="store" signature="Illuminate\Http\Request $request" line-rate="1" branch-rate="0" complexity="2">
              <lines>
                <line number="52" hits="2"/>
                <line number="53" hits="2"/>
                <line number="54" hits="2"/>
                <line number="55" hits="2"/>
                <line number="56" hits="2"/>
                <line number="61" hits="2"/>
                <line number="62" hits="2"/>
                <line number="63" hits="2"/>
                <line number="64" hits="1"/>
                <line number="65" hits="1"/>
                <line number="66" hits="1"/>
                <line number="67" hits="1"/>
                <line number="69" hits="1"/>
                <line number="70" hits="2"/>
                <line number="71" hits="2"/>
                <line number="76" hits="2"/>
                <line number="77" hits="1"/>
                <line number="80" hits="1"/>
                <line number="81" hits="1"/>
                <line number="82" hits="1"/>
              </lines>
            </method>
          </methods>
          <lines>
            <line number="31" hits="1"/>
            <line number="32" hits="1"/>
            <line number="34" hits="1"/>
            <line number="35" hits="1"/>
            <line number="36" hits="1"/>
            <line number="37" hits="1"/>
            <line number="38" hits="1"/>
            <line number="39" hits="1"/>
            <line number="52" hits="2"/>
            <line number="53" hits="2"/>
            <line number="54" hits="2"/>
            <line number="55" hits="2"/>
            <line number="56" hits="2"/>
            <line number="61" hits="2"/>
            <line number="62" hits="2"/>
            <line number="63" hits="2"/>
            <line number="64" hits="1"/>
            <line number="65" hits="1"/>
            <line number="66" hits="1"/>
            <line number="67" hits="1"/>
            <line number="69" hits="1"/>
            <line number="70" hits="2"/>
            <line number="71" hits="2"/>
            <line number="76" hits="2"/>
            <line number="77" hits="1"/>
            <line number="80" hits="1"/>
            <line number="81" hits="1"/>
            <line number="82" hits="1"/>
          </lines>
        </class>
      </classes>
    </package>
    <package name="Http/Controllers/PasswordResetLinkController.php" line-rate="1" branch-rate="0" complexity="3">
      <classes>
        <class name="GammaMatrix\Playground\Auth\Http\Controllers\PasswordResetLinkController" filename="Http/Controllers/PasswordResetLinkController.php" line-rate="1" branch-rate="0" complexity="3">
          <methods>
            <method name="create" signature="" line-rate="1" branch-rate="0" complexity="1">
              <lines>
                <line number="27" hits="1"/>
                <line number="28" hits="1"/>
                <line number="30" hits="1"/>
                <line number="31" hits="1"/>
                <line number="32" hits="1"/>
                <line number="33" hits="1"/>
                <line number="34" hits="1"/>
              </lines>
            </method>
            <method name="store" signature="GammaMatrix\Playground\Auth\Http\Requests\PasswordResetRequest $request" line-rate="1" branch-rate="0" complexity="2">
              <lines>
                <line number="44" hits="5"/>
                <line number="46" hits="5"/>
                <line number="48" hits="5"/>
                <line number="49" hits="4"/>
                <line number="52" hits="1"/>
                <line number="53" hits="1"/>
                <line number="54" hits="1"/>
              </lines>
            </method>
          </methods>
          <lines>
            <line number="27" hits="1"/>
            <line number="28" hits="1"/>
            <line number="30" hits="1"/>
            <line number="31" hits="1"/>
            <line number="32" hits="1"/>
            <line number="33" hits="1"/>
            <line number="34" hits="1"/>
            <line number="44" hits="5"/>
            <line number="46" hits="5"/>
            <line number="48" hits="5"/>
            <line number="49" hits="4"/>
            <line number="52" hits="1"/>
            <line number="53" hits="1"/>
            <line number="54" hits="1"/>
          </lines>
        </class>
      </classes>
    </package>
    <package name="Http/Controllers/RegisteredUserController.php" line-rate="1" branch-rate="0" complexity="2">
      <classes>
        <class name="GammaMatrix\Playground\Auth\Http\Controllers\RegisteredUserController" filename="Http/Controllers/RegisteredUserController.php" line-rate="1" branch-rate="0" complexity="2">
          <methods>
            <method name="create" signature="" line-rate="1" branch-rate="0" complexity="1">
              <lines>
                <line number="28" hits="1"/>
                <line number="29" hits="1"/>
                <line number="31" hits="1"/>
                <line number="32" hits="1"/>
                <line number="33" hits="1"/>
                <line number="34" hits="1"/>
              </lines>
            </method>
            <method name="store" signature="Illuminate\Http\Request $request" line-rate="1" branch-rate="0" complexity="1">
              <lines>
                <line number="47" hits="1"/>
                <line number="48" hits="1"/>
                <line number="49" hits="1"/>
                <line number="50" hits="1"/>
                <line number="51" hits="1"/>
                <line number="53" hits="1"/>
                <line number="54" hits="1"/>
                <line number="55" hits="1"/>
                <line number="56" hits="1"/>
                <line number="57" hits="1"/>
                <line number="58" hits="1"/>
                <line number="62" hits="1"/>
                <line number="64" hits="1"/>
              </lines>
            </method>
          </methods>
          <lines>
            <line number="28" hits="1"/>
            <line number="29" hits="1"/>
            <line number="31" hits="1"/>
            <line number="32" hits="1"/>
            <line number="33" hits="1"/>
            <line number="34" hits="1"/>
            <line number="47" hits="1"/>
            <line number="48" hits="1"/>
            <line number="49" hits="1"/>
            <line number="50" hits="1"/>
            <line number="51" hits="1"/>
            <line number="53" hits="1"/>
            <line number="54" hits="1"/>
            <line number="55" hits="1"/>
            <line number="56" hits="1"/>
            <line number="57" hits="1"/>
            <line number="58" hits="1"/>
            <line number="62" hits="1"/>
            <line number="64" hits="1"/>
          </lines>
        </class>
      </classes>
    </package>
    <package name="Http/Requests/EmailVerificationRequest.php" line-rate="1" branch-rate="0" complexity="4">
      <classes>
        <class name="GammaMatrix\Playground\Auth\Http\Requests\EmailVerificationRequest" filename="Http/Requests/EmailVerificationRequest.php" line-rate="1" branch-rate="0" complexity="4">
          <methods>
            <method name="authorize" signature="" line-rate="1" branch-rate="0" complexity="4">
              <lines>
                <line number="24" hits="4"/>
                <line number="26" hits="4"/>
                <line number="27" hits="4"/>
                <line number="29" hits="1"/>
                <line number="32" hits="3"/>
                <line number="33" hits="1"/>
                <line number="36" hits="2"/>
              </lines>
            </method>
          </methods>
          <lines>
            <line number="24" hits="4"/>
            <line number="26" hits="4"/>
            <line number="27" hits="4"/>
            <line number="29" hits="1"/>
            <line number="32" hits="3"/>
            <line number="33" hits="1"/>
            <line number="36" hits="2"/>
          </lines>
        </class>
      </classes>
    </package>
    <package name="Http/Requests/LoginRequest.php" line-rate="1" branch-rate="0" complexity="7">
      <classes>
        <class name="GammaMatrix\Playground\Auth\Http\Requests\LoginRequest" filename="Http/Requests/LoginRequest.php" line-rate="1" branch-rate="0" complexity="7">
          <methods>
            <method name="authorize" signature="" line-rate="1" branch-rate="0" complexity="1">
              <lines>
                <line number="29" hits="4"/>
              </lines>
            </method>
            <method name="rules" signature="" line-rate="1" branch-rate="0" complexity="1">
              <lines>
                <line number="39" hits="4"/>
                <line number="40" hits="4"/>
                <line number="41" hits="4"/>
                <line number="42" hits="4"/>
              </lines>
            </method>
            <method name="authenticate" signature="" line-rate="1" branch-rate="0" complexity="2">
              <lines>
                <line number="54" hits="4"/>
                <line number="56" hits="4"/>
                <line number="57" hits="3"/>
                <line number="59" hits="3"/>
                <line number="60" hits="3"/>
                <line number="61" hits="3"/>
                <line number="64" hits="2"/>
              </lines>
            </method>
            <method name="ensureIsNotRateLimited" signature="" line-rate="1" branch-rate="0" complexity="2">
              <lines>
                <line number="76" hits="4"/>
                <line number="77" hits="4"/>
                <line number="80" hits="1"/>
                <line number="82" hits="1"/>
                <line number="84" hits="1"/>
                <line number="85" hits="1"/>
                <line number="86" hits="1"/>
                <line number="87" hits="1"/>
                <line number="88" hits="1"/>
                <line number="89" hits="1"/>
              </lines>
            </method>
            <method name="throttleKey" signature="" line-rate="1" branch-rate="0" complexity="1">
              <lines>
                <line number="99" hits="4"/>
              </lines>
            </method>
          </methods>
          <lines>
            <line number="29" hits="4"/>
            <line number="39" hits="4"/>
            <line number="40" hits="4"/>
            <line number="41" hits="4"/>
            <line number="42" hits="4"/>
            <line number="54" hits="4"/>
            <line number="56" hits="4"/>
            <line number="57" hits="3"/>
            <line number="59" hits="3"/>
            <line number="60" hits="3"/>
            <line number="61" hits="3"/>
            <line number="64" hits="2"/>
            <line number="76" hits="4"/>
            <line number="77" hits="4"/>
            <line number="80" hits="1"/>
            <line number="82" hits="1"/>
            <line number="84" hits="1"/>
            <line number="85" hits="1"/>
            <line number="86" hits="1"/>
            <line number="87" hits="1"/>
            <line number="88" hits="1"/>
            <line number="89" hits="1"/>
            <line number="99" hits="4"/>
          </lines>
        </class>
      </classes>
    </package>
    <package name="Http/Requests/PasswordResetRequest.php" line-rate="1" branch-rate="0" complexity="2">
      <classes>
        <class name="GammaMatrix\Playground\Auth\Http\Requests\PasswordResetRequest" filename="Http/Requests/PasswordResetRequest.php" line-rate="1" branch-rate="0" complexity="2">
          <methods>
            <method name="authorize" signature="" line-rate="1" branch-rate="0" complexity="1">
              <lines>
                <line number="24" hits="5"/>
              </lines>
            </method>
            <method name="rules" signature="" line-rate="1" branch-rate="0" complexity="1">
              <lines>
                <line number="34" hits="5"/>
                <line number="35" hits="5"/>
                <line number="36" hits="5"/>
              </lines>
            </method>
          </methods>
          <lines>
            <line number="24" hits="5"/>
            <line number="34" hits="5"/>
            <line number="35" hits="5"/>
            <line number="36" hits="5"/>
          </lines>
        </class>
      </classes>
    </package>
    <package name="ServiceProvider.php" line-rate="1" branch-rate="0" complexity="19">
      <classes>
        <class name="GammaMatrix\Playground\Auth\ServiceProvider" filename="ServiceProvider.php" line-rate="1" branch-rate="0" complexity="19">
          <methods>
            <method name="boot" signature="" line-rate="1" branch-rate="0" complexity="6">
              <lines>
                <line number="30" hits="33"/>
                <line number="32" hits="33"/>
                <line number="33" hits="33"/>
                <line number="34" hits="33"/>
                <line number="35" hits="33"/>
                <line number="36" hits="33"/>
                <line number="38" hits="33"/>
                <line number="39" hits="33"/>
                <line number="42" hits="33"/>
                <line number="43" hits="33"/>
                <line number="44" hits="33"/>
                <line number="45" hits="33"/>
                <line number="46" hits="33"/>
                <line number="49" hits="33"/>
                <line number="50" hits="33"/>
                <line number="51" hits="33"/>
                <line number="52" hits="33"/>
                <line number="53" hits="33"/>
                <line number="57" hits="33"/>
                <line number="58" hits="33"/>
                <line number="59" hits="33"/>
                <line number="60" hits="33"/>
                <line number="63" hits="33"/>
                <line number="64" hits="33"/>
                <line number="65" hits="33"/>
                <line number="66" hits="33"/>
                <line number="70" hits="33"/>
              </lines>
            </method>
            <method name="register" signature="" line-rate="1" branch-rate="0" complexity="1">
              <lines>
                <line number="80" hits="33"/>
                <line number="81" hits="33"/>
                <line number="82" hits="33"/>
                <line number="83" hits="33"/>
              </lines>
            </method>
            <method name="about" signature="" line-rate="1" branch-rate="0" complexity="11">
              <lines>
                <line number="88" hits="33"/>
                <line number="90" hits="33"/>
                <line number="92" hits="33"/>
                <line number="93" hits="33"/>
                <line number="94" hits="33"/>
                <line number="95" hits="33"/>
                <line number="97" hits="33"/>
                <line number="98" hits="33"/>
                <line number="99" hits="33"/>
                <line number="101" hits="33"/>
                <line number="102" hits="33"/>
                <line number="103" hits="33"/>
                <line number="104" hits="33"/>
                <line number="106" hits="33"/>
                <line number="107" hits="33"/>
                <line number="108" hits="33"/>
                <line number="109" hits="33"/>
                <line number="110" hits="33"/>
                <line number="112" hits="33"/>
                <line number="113" hits="33"/>
                <line number="114" hits="33"/>
              </lines>
            </method>
            <method name="version" signature="" line-rate="1" branch-rate="0" complexity="1">
              <lines>
                <line number="119" hits="33"/>
              </lines>
            </method>
          </methods>
          <lines>
            <line number="30" hits="33"/>
            <line number="32" hits="33"/>
            <line number="33" hits="33"/>
            <line number="34" hits="33"/>
            <line number="35" hits="33"/>
            <line number="36" hits="33"/>
            <line number="38" hits="33"/>
            <line number="39" hits="33"/>
            <line number="42" hits="33"/>
            <line number="43" hits="33"/>
            <line number="44" hits="33"/>
            <line number="45" hits="33"/>
            <line number="46" hits="33"/>
            <line number="49" hits="33"/>
            <line number="50" hits="33"/>
            <line number="51" hits="33"/>
            <line number="52" hits="33"/>
            <line number="53" hits="33"/>
            <line number="57" hits="33"/>
            <line number="58" hits="33"/>
            <line number="59" hits="33"/>
            <line number="60" hits="33"/>
            <line number="63" hits="33"/>
            <line number="64" hits="33"/>
            <line number="65" hits="33"/>
            <line number="66" hits="33"/>
            <line number="70" hits="33"/>
            <line number="80" hits="33"/>
            <line number="81" hits="33"/>
            <line number="82" hits="33"/>
            <line number="83" hits="33"/>
            <line number="88" hits="33"/>
            <line number="90" hits="33"/>
            <line number="92" hits="33"/>
            <line number="93" hits="33"/>
            <line number="94" hits="33"/>
            <line number="95" hits="33"/>
            <line number="97" hits="33"/>
            <line number="98" hits="33"/>
            <line number="99" hits="33"/>
            <line number="101" hits="33"/>
            <line number="102" hits="33"/>
            <line number="103" hits="33"/>
            <line number="104" hits="33"/>
            <line number="106" hits="33"/>
            <line number="107" hits="33"/>
            <line number="108" hits="33"/>
            <line number="109" hits="33"/>
            <line number="110" hits="33"/>
            <line number="112" hits="33"/>
            <line number="113" hits="33"/>
            <line number="114" hits="33"/>
            <line number="119" hits="33"/>
          </lines>
        </class>
      </classes>
    </package>
  </packages>
</coverage>
